c:\users\christian daley\dropbox\christian\cs 285\hw1\reyes\reyes\release\reyes.pch
c:\users\christian daley\dropbox\christian\cs 285\hw1\reyes\reyes\release\vc140.pdb
c:\users\christian daley\dropbox\christian\cs 285\hw1\reyes\reyes\release\stdafx.obj
c:\users\christian daley\dropbox\christian\cs 285\hw1\reyes\reyes\release\rtprimitive.obj
c:\users\christian daley\dropbox\christian\cs 285\hw1\reyes\reyes\release\ri.obj
c:\users\christian daley\dropbox\christian\cs 285\hw1\reyes\reyes\release\reyes.obj
c:\users\christian daley\dropbox\christian\cs 285\hw1\reyes\reyes\release\micropolygon.obj
c:\users\christian daley\dropbox\christian\cs 285\hw1\reyes\reyes\release\framebuffer.obj
c:\users\christian daley\dropbox\christian\cs 285\hw1\reyes\reyes\release\nicescenes.obj
c:\users\christian daley\dropbox\christian\cs 285\hw1\reyes\reyes\release\shaders.obj
c:\users\christian daley\dropbox\christian\cs 285\hw1\reyes\reyes\release\scenes.obj
c:\users\christian daley\dropbox\christian\cs 285\hw1\reyes\reyes\release\rttorus.obj
c:\users\christian daley\dropbox\christian\cs 285\hw1\reyes\reyes\release\rtsphere.obj
c:\users\christian daley\dropbox\christian\cs 285\hw1\reyes\reyes\release\rtcylinder.obj
c:\users\christian daley\dropbox\christian\cs 285\hw1\reyes\reyes\release\rtcone.obj
c:\users\christian daley\dropbox\christian\cs 285\hw1\reyes\reyes\release\mesh.obj
c:\users\christian daley\dropbox\christian\cs 285\hw1\reyes\release\reyes.exe
c:\users\christian daley\dropbox\christian\cs 285\hw1\reyes\release\reyes.ipdb
c:\users\christian daley\dropbox\christian\cs 285\hw1\reyes\release\reyes.iobj
c:\users\christian daley\dropbox\christian\cs 285\hw1\reyes\release\reyes.pdb
c:\users\christian daley\dropbox\christian\cs 285\hw1\reyes\reyes\release\reyes.tlog\cl.command.1.tlog
c:\users\christian daley\dropbox\christian\cs 285\hw1\reyes\reyes\release\reyes.tlog\cl.read.1.tlog
c:\users\christian daley\dropbox\christian\cs 285\hw1\reyes\reyes\release\reyes.tlog\cl.write.1.tlog
c:\users\christian daley\dropbox\christian\cs 285\hw1\reyes\reyes\release\reyes.tlog\link.command.1.tlog
c:\users\christian daley\dropbox\christian\cs 285\hw1\reyes\reyes\release\reyes.tlog\link.read.1.tlog
c:\users\christian daley\dropbox\christian\cs 285\hw1\reyes\reyes\release\reyes.tlog\link.write.1.tlog
